This is pdfTeX, Version 3.141592653-2.6-1.40.26 (MiKTeX 24.4) (preloaded format=pdflatex 2024.10.8)  4 DEC 2024 17:51
entering extended mode
 restricted \write18 enabled.
 file:line:error style messages enabled.
 %&-line parsing enabled.
**"e:/CPSC 8420 Advances Machine Learning/HW6_24F/HW6.tex"
(e:/CPSC 8420 Advances Machine Learning/HW6_24F/HW6.tex
LaTeX2e <2024-06-01> patch level 2
L3 programming layer <2024-08-30>
(C:\Users\Matthew\AppData\Local\Programs\MiKTeX\tex/latex/base\article.cls
Document Class: article 2024/02/08 v1.4n Standard LaTeX document class
(C:\Users\Matthew\AppData\Local\Programs\MiKTeX\tex/latex/base\size11.clo
File: size11.clo 2024/02/08 v1.4n Standard LaTeX file (size option)
)
\c@part=\count194
\c@section=\count195
\c@subsection=\count196
\c@subsubsection=\count197
\c@paragraph=\count198
\c@subparagraph=\count199
\c@figure=\count266
\c@table=\count267
\abovecaptionskip=\skip49
\belowcaptionskip=\skip50
\bibindent=\dimen141
) (C:\Users\Matthew\AppData\Local\Programs\MiKTeX\tex/latex/amsmath\amsmath.sty
Package: amsmath 2024/05/23 v2.17q AMS math features
\@mathmargin=\skip51

For additional information on amsmath, use the `?' option.
(C:\Users\Matthew\AppData\Local\Programs\MiKTeX\tex/latex/amsmath\amstext.sty
Package: amstext 2021/08/26 v2.01 AMS text
 (C:\Users\Matthew\AppData\Local\Programs\MiKTeX\tex/latex/amsmath\amsgen.sty
File: amsgen.sty 1999/11/30 v2.0 generic functions
\@emptytoks=\toks17
\ex@=\dimen142
)) (C:\Users\Matthew\AppData\Local\Programs\MiKTeX\tex/latex/amsmath\amsbsy.sty
Package: amsbsy 1999/11/29 v1.2d Bold Symbols
\pmbraise@=\dimen143
) (C:\Users\Matthew\AppData\Local\Programs\MiKTeX\tex/latex/amsmath\amsopn.sty
Package: amsopn 2022/04/08 v2.04 operator names
)
\inf@bad=\count268
LaTeX Info: Redefining \frac on input line 233.
\uproot@=\count269
\leftroot@=\count270
LaTeX Info: Redefining \overline on input line 398.
LaTeX Info: Redefining \colon on input line 409.
\classnum@=\count271
\DOTSCASE@=\count272
LaTeX Info: Redefining \ldots on input line 495.
LaTeX Info: Redefining \dots on input line 498.
LaTeX Info: Redefining \cdots on input line 619.
\Mathstrutbox@=\box52
\strutbox@=\box53
LaTeX Info: Redefining \big on input line 721.
LaTeX Info: Redefining \Big on input line 722.
LaTeX Info: Redefining \bigg on input line 723.
LaTeX Info: Redefining \Bigg on input line 724.
\big@size=\dimen144
LaTeX Font Info:    Redeclaring font encoding OML on input line 742.
LaTeX Font Info:    Redeclaring font encoding OMS on input line 743.
\macc@depth=\count273
LaTeX Info: Redefining \bmod on input line 904.
LaTeX Info: Redefining \pmod on input line 909.
LaTeX Info: Redefining \smash on input line 939.
LaTeX Info: Redefining \relbar on input line 969.
LaTeX Info: Redefining \Relbar on input line 970.
\c@MaxMatrixCols=\count274
\dotsspace@=\muskip17
\c@parentequation=\count275
\dspbrk@lvl=\count276
\tag@help=\toks18
\row@=\count277
\column@=\count278
\maxfields@=\count279
\andhelp@=\toks19
\eqnshift@=\dimen145
\alignsep@=\dimen146
\tagshift@=\dimen147
\tagwidth@=\dimen148
\totwidth@=\dimen149
\lineht@=\dimen150
\@envbody=\toks20
\multlinegap=\skip52
\multlinetaggap=\skip53
\mathdisplay@stack=\toks21
LaTeX Info: Redefining \[ on input line 2953.
LaTeX Info: Redefining \] on input line 2954.
) (C:\Users\Matthew\AppData\Local\Programs\MiKTeX\tex/latex/amsfonts\amssymb.sty
Package: amssymb 2013/01/14 v3.01 AMS font symbols
 (C:\Users\Matthew\AppData\Local\Programs\MiKTeX\tex/latex/amsfonts\amsfonts.sty
Package: amsfonts 2013/01/14 v3.01 Basic AMSFonts support
\symAMSa=\mathgroup4
\symAMSb=\mathgroup5
LaTeX Font Info:    Redeclaring math symbol \hbar on input line 98.
LaTeX Font Info:    Overwriting math alphabet `\mathfrak' in version `bold'
(Font)                  U/euf/m/n --> U/euf/b/n on input line 106.
)) (C:\Users\Matthew\AppData\Local\Programs\MiKTeX\tex/latex/tools\verbatim.sty
Package: verbatim 2024-01-22 v1.5x LaTeX2e package for verbatim enhancements
\every@verbatim=\toks22
\verbatim@line=\toks23
\verbatim@in@stream=\read2
) (C:\Users\Matthew\AppData\Local\Programs\MiKTeX\tex/latex/preprint\fullpage.sty
Package: fullpage 1999/02/23 1.1 (PWD)
\FP@margin=\skip54
) (C:\Users\Matthew\AppData\Local\Programs\MiKTeX\tex/latex/base\ifthen.sty
Package: ifthen 2024/03/16 v1.1e Standard LaTeX ifthen package (DPC)
) (C:\Users\Matthew\AppData\Local\Programs\MiKTeX\tex/latex/graphics\graphicx.sty
Package: graphicx 2021/09/16 v1.2d Enhanced LaTeX Graphics (DPC,SPQR)
 (C:\Users\Matthew\AppData\Local\Programs\MiKTeX\tex/latex/graphics\keyval.sty
Package: keyval 2022/05/29 v1.15 key=value parser (DPC)
\KV@toks@=\toks24
) (C:\Users\Matthew\AppData\Local\Programs\MiKTeX\tex/latex/graphics\graphics.sty
Package: graphics 2024/05/23 v1.4g Standard LaTeX Graphics (DPC,SPQR)
 (C:\Users\Matthew\AppData\Local\Programs\MiKTeX\tex/latex/graphics\trig.sty
Package: trig 2023/12/02 v1.11 sin cos tan (DPC)
) (C:\Users\Matthew\AppData\Local\Programs\MiKTeX\tex/latex/graphics-cfg\graphics.cfg
File: graphics.cfg 2016/06/04 v1.11 sample graphics configuration
)
Package graphics Info: Driver file: pdftex.def on input line 106.
 (C:\Users\Matthew\AppData\Local\Programs\MiKTeX\tex/latex/graphics-def\pdftex.def
File: pdftex.def 2024/04/13 v1.2c Graphics/color driver for pdftex
))
\Gin@req@height=\dimen151
\Gin@req@width=\dimen152
) (C:\Users\Matthew\AppData\Local\Programs\MiKTeX\tex/latex/tools\bm.sty
Package: bm 2023/12/19 v1.2f Bold Symbol Support (DPC/FMi)
\symboldoperators=\mathgroup6
\symboldletters=\mathgroup7
\symboldsymbols=\mathgroup8
Package bm Info: No bold for \OMX/cmex/m/n, using \pmb.
Package bm Info: No bold for \U/msa/m/n, using \pmb.
Package bm Info: No bold for \U/msb/m/n, using \pmb.
LaTeX Font Info:    Redeclaring math alphabet \mathbf on input line 149.
) (C:\Users\Matthew\AppData\Local\Programs\MiKTeX\tex/latex/amscls\amsthm.sty
Package: amsthm 2020/05/29 v2.20.6
\thm@style=\toks25
\thm@bodyfont=\toks26
\thm@headfont=\toks27
\thm@notefont=\toks28
\thm@headpunct=\toks29
\thm@preskip=\skip55
\thm@postskip=\skip56
\thm@headsep=\skip57
\dth@everypar=\toks30
) (C:\Users\Matthew\AppData\Local\Programs\MiKTeX\tex/latex/url\url.sty
\Urlmuskip=\muskip18
Package: url 2013/09/16  ver 3.4  Verb mode for urls, etc.
) (C:\Users\Matthew\AppData\Local\Programs\MiKTeX\tex/latex/xcolor\xcolor.sty
Package: xcolor 2023/11/15 v3.01 LaTeX color extensions (UK)
 (C:\Users\Matthew\AppData\Local\Programs\MiKTeX\tex/latex/graphics-cfg\color.cfg
File: color.cfg 2016/01/02 v1.6 sample color configuration
)
Package xcolor Info: Driver file: pdftex.def on input line 274.
 (C:\Users\Matthew\AppData\Local\Programs\MiKTeX\tex/latex/graphics\mathcolor.ltx)
Package xcolor Info: Model `cmy' substituted by `cmy0' on input line 1350.
Package xcolor Info: Model `hsb' substituted by `rgb' on input line 1354.
Package xcolor Info: Model `RGB' extended on input line 1366.
Package xcolor Info: Model `HTML' substituted by `rgb' on input line 1368.
Package xcolor Info: Model `Hsb' substituted by `hsb' on input line 1369.
Package xcolor Info: Model `tHsb' substituted by `hsb' on input line 1370.
Package xcolor Info: Model `HSB' substituted by `hsb' on input line 1371.
Package xcolor Info: Model `Gray' substituted by `gray' on input line 1372.
Package xcolor Info: Model `wave' substituted by `hsb' on input line 1373.
) (C:\Users\Matthew\AppData\Local\Programs\MiKTeX\tex/latex/caption\caption.sty
Package: caption 2023/08/05 v3.6o Customizing captions (AR)
 (C:\Users\Matthew\AppData\Local\Programs\MiKTeX\tex/latex/caption\caption3.sty
Package: caption3 2023/07/31 v2.4d caption3 kernel (AR)
\caption@tempdima=\dimen153
\captionmargin=\dimen154
\caption@leftmargin=\dimen155
\caption@rightmargin=\dimen156
\caption@width=\dimen157
\caption@indent=\dimen158
\caption@parindent=\dimen159
\caption@hangindent=\dimen160
Package caption Info: Standard document class detected.
)
\c@caption@flags=\count280
\c@continuedfloat=\count281
) (C:\Users\Matthew\AppData\Local\Programs\MiKTeX\tex/latex/caption\subcaption.sty
Package: subcaption 2023/07/28 v1.6b Sub-captions (AR)
Package caption Info: New subtype `subfigure' on input line 238.
\c@subfigure=\count282
Package caption Info: New subtype `subtable' on input line 238.
\c@subtable=\count283
) (C:\Users\Matthew\AppData\Local\Programs\MiKTeX\tex/latex/listings\listings.sty
\lst@mode=\count284
\lst@gtempboxa=\box54
\lst@token=\toks31
\lst@length=\count285
\lst@currlwidth=\dimen161
\lst@column=\count286
\lst@pos=\count287
\lst@lostspace=\dimen162
\lst@width=\dimen163
\lst@newlines=\count288
\lst@lineno=\count289
\lst@maxwidth=\dimen164
 (C:\Users\Matthew\AppData\Local\Programs\MiKTeX\tex/latex/listings\lstpatch.sty
File: lstpatch.sty 2024/05/25 1.10b (Carsten Heinz)
) (C:\Users\Matthew\AppData\Local\Programs\MiKTeX\tex/latex/listings\lstmisc.sty
File: lstmisc.sty 2024/05/25 1.10b (Carsten Heinz)
\c@lstnumber=\count290
\lst@skipnumbers=\count291
\lst@framebox=\box55
) (C:\Users\Matthew\AppData\Local\Programs\MiKTeX\tex/latex/listings\listings.cfg
File: listings.cfg 2024/05/25 1.10b listings configuration
))
Package: listings 2024/05/25 1.10b (Carsten Heinz)
 (C:\Users\Matthew\AppData\Local\Programs\MiKTeX\tex/latex/algorithms\algorithm.sty
Package: algorithm 2009/08/24 v0.1 Document Style `algorithm' - floating environment
 (C:\Users\Matthew\AppData\Local\Programs\MiKTeX\tex/latex/float\float.sty
Package: float 2001/11/08 v1.3d Float enhancements (AL)
\c@float@type=\count292
\float@exts=\toks32
\float@box=\box56
\@float@everytoks=\toks33
\@floatcapt=\box57
)
\@float@every@algorithm=\toks34
\c@algorithm=\count293
) (C:\Users\Matthew\AppData\Local\Programs\MiKTeX\tex/latex/algorithmicx\algpseudocode.sty
Package: algpseudocode 
 (C:\Users\Matthew\AppData\Local\Programs\MiKTeX\tex/latex/algorithmicx\algorithmicx.sty
Package: algorithmicx 2005/04/27 v1.2 Algorithmicx

Document Style algorithmicx 1.2 - a greatly improved `algorithmic' style
\c@ALG@line=\count294
\c@ALG@rem=\count295
\c@ALG@nested=\count296
\ALG@tlm=\skip58
\ALG@thistlm=\skip59
\c@ALG@Lnr=\count297
\c@ALG@blocknr=\count298
\c@ALG@storecount=\count299
\c@ALG@tmpcounter=\count300
\ALG@tmplength=\skip60
)
Document Style - pseudocode environments for use with the `algorithmicx' style
) (C:\Users\Matthew\AppData\Local\Programs\MiKTeX\tex/latex/tools\xspace.sty
Package: xspace 2014/10/28 v1.13 Space after command names (DPC,MH)
) (C:\Users\Matthew\AppData\Local\Programs\MiKTeX\tex/latex/l3backend\l3backend-pdftex.def
File: l3backend-pdftex.def 2024-05-08 L3 backend support: PDF output (pdfTeX)
\l__color_backend_stack_int=\count301
\l__pdf_internal_box=\box58
) (HW6.aux

LaTeX Warning: Label `fig:rectangles' multiply defined.

)
\openout1 = `HW6.aux'.

LaTeX Font Info:    Checking defaults for OML/cmm/m/it on input line 76.
LaTeX Font Info:    ... okay on input line 76.
LaTeX Font Info:    Checking defaults for OMS/cmsy/m/n on input line 76.
LaTeX Font Info:    ... okay on input line 76.
LaTeX Font Info:    Checking defaults for OT1/cmr/m/n on input line 76.
LaTeX Font Info:    ... okay on input line 76.
LaTeX Font Info:    Checking defaults for T1/cmr/m/n on input line 76.
LaTeX Font Info:    ... okay on input line 76.
LaTeX Font Info:    Checking defaults for TS1/cmr/m/n on input line 76.
LaTeX Font Info:    ... okay on input line 76.
LaTeX Font Info:    Checking defaults for OMX/cmex/m/n on input line 76.
LaTeX Font Info:    ... okay on input line 76.
LaTeX Font Info:    Checking defaults for U/cmr/m/n on input line 76.
LaTeX Font Info:    ... okay on input line 76.
 (C:\Users\Matthew\AppData\Local\Programs\MiKTeX\tex/context/base/mkii\supp-pdf.mkii
[Loading MPS to PDF converter (version 2006.09.02).]
\scratchcounter=\count302
\scratchdimen=\dimen165
\scratchbox=\box59
\nofMPsegments=\count303
\nofMParguments=\count304
\everyMPshowfont=\toks35
\MPscratchCnt=\count305
\MPscratchDim=\dimen166
\MPnumerator=\count306
\makeMPintoPDFobject=\count307
\everyMPtoPDFconversion=\toks36
) (C:\Users\Matthew\AppData\Local\Programs\MiKTeX\tex/latex/epstopdf-pkg\epstopdf-base.sty
Package: epstopdf-base 2020-01-24 v2.11 Base part for package epstopdf
Package epstopdf-base Info: Redefining graphics rule for `.eps' on input line 485.
 (C:\Users\Matthew\AppData\Local\Programs\MiKTeX\tex/latex/00miktex\epstopdf-sys.cfg
File: epstopdf-sys.cfg 2021/03/18 v2.0 Configuration of epstopdf for MiKTeX
))
Package caption Info: Begin \AtBeginDocument code.
Package caption Info: float package is loaded.
Package caption Info: listings package is loaded.
Package caption Info: End \AtBeginDocument code.
\c@lstlisting=\count308
LaTeX Font Info:    Trying to load font information for U+msa on input line 77.
 (C:\Users\Matthew\AppData\Local\Programs\MiKTeX\tex/latex/amsfonts\umsa.fd
File: umsa.fd 2013/01/14 v3.01 AMS symbols A
)
LaTeX Font Info:    Trying to load font information for U+msb on input line 77.
 (C:\Users\Matthew\AppData\Local\Programs\MiKTeX\tex/latex/amsfonts\umsb.fd
File: umsb.fd 2013/01/14 v3.01 AMS symbols B
)
<syn.pdf, id=1, 344.92505pt x 268.6059pt>
File: syn.pdf Graphic file (type pdf)
<use syn.pdf>
Package pdftex.def Info: syn.pdf  used on input line 104.
(pdftex.def)             Requested size: 469.75502pt x 365.83199pt.


LaTeX Warning: `!h' float specifier changed to `!ht'.



[1

{C:/Users/Matthew/AppData/Local/MiKTeX/fonts/map/pdftex/pdftex.map}]

[2 <./syn.pdf>]
Underfull \hbox (badness 10000) in paragraph at lines 108--109

 []

<k_means_clustering_text.mat.png, id=38, 421.575pt x 316.0608pt>
File: k_means_clustering_text.mat.png Graphic file (type png)
<use k_means_clustering_text.mat.png>
Package pdftex.def Info: k_means_clustering_text.mat.png  used on input line 114.
(pdftex.def)             Requested size: 211.38832pt x 158.48334pt.
<k_means_clustering_concentric.mat.png, id=39, 421.575pt x 316.0608pt>
File: k_means_clustering_concentric.mat.png Graphic file (type png)
<use k_means_clustering_concentric.mat.png>
Package pdftex.def Info: k_means_clustering_concentric.mat.png  used on input line 118.
(pdftex.def)             Requested size: 211.38832pt x 158.48334pt.
<k_means_clustering_links.mat.png, id=40, 421.575pt x 316.0608pt>
File: k_means_clustering_links.mat.png Graphic file (type png)
<use k_means_clustering_links.mat.png>
Package pdftex.def Info: k_means_clustering_links.mat.png  used on input line 122.
(pdftex.def)             Requested size: 211.38832pt x 158.48334pt.
<k_means_clustering_rectangles.mat.png, id=41, 421.575pt x 316.0608pt>
File: k_means_clustering_rectangles.mat.png Graphic file (type png)
<use k_means_clustering_rectangles.mat.png>
Package pdftex.def Info: k_means_clustering_rectangles.mat.png  used on input line 126.
(pdftex.def)             Requested size: 211.38832pt x 158.48334pt.

Underfull \hbox (badness 10000) in paragraph at lines 137--138

 []

<rectangles_sigma_0.025.png, id=42, 421.575pt x 316.0608pt>
File: rectangles_sigma_0.025.png Graphic file (type png)
<use rectangles_sigma_0.025.png>
Package pdftex.def Info: rectangles_sigma_0.025.png  used on input line 144.
(pdftex.def)             Requested size: 211.38832pt x 158.48334pt.
<rectangles_sigma_0.050.png, id=43, 421.575pt x 316.0608pt>
File: rectangles_sigma_0.050.png Graphic file (type png)
<use rectangles_sigma_0.050.png>
Package pdftex.def Info: rectangles_sigma_0.050.png  used on input line 148.
(pdftex.def)             Requested size: 211.38832pt x 158.48334pt.
<rectangles_sigma_0.200.png, id=44, 421.575pt x 316.0608pt>
File: rectangles_sigma_0.200.png Graphic file (type png)
<use rectangles_sigma_0.200.png>
Package pdftex.def Info: rectangles_sigma_0.200.png  used on input line 152.
(pdftex.def)             Requested size: 211.38832pt x 158.48334pt.
<rectangles_sigma_0.500.png, id=45, 421.575pt x 316.0608pt>
File: rectangles_sigma_0.500.png Graphic file (type png)
<use rectangles_sigma_0.500.png>
Package pdftex.def Info: rectangles_sigma_0.500.png  used on input line 156.
(pdftex.def)             Requested size: 211.38832pt x 158.48334pt.
<links_sigma_0.025.png, id=46, 421.575pt x 316.0608pt>
File: links_sigma_0.025.png Graphic file (type png)
<use links_sigma_0.025.png>
Package pdftex.def Info: links_sigma_0.025.png  used on input line 168.
(pdftex.def)             Requested size: 211.38832pt x 158.48334pt.
<links_sigma_0.050.png, id=47, 421.575pt x 316.0608pt>
File: links_sigma_0.050.png Graphic file (type png)
<use links_sigma_0.050.png>
Package pdftex.def Info: links_sigma_0.050.png  used on input line 172.
(pdftex.def)             Requested size: 211.38832pt x 158.48334pt.
<links_sigma_0.200.png, id=48, 421.575pt x 316.0608pt>
File: links_sigma_0.200.png Graphic file (type png)
<use links_sigma_0.200.png>
Package pdftex.def Info: links_sigma_0.200.png  used on input line 176.
(pdftex.def)             Requested size: 211.38832pt x 158.48334pt.
<links_sigma_0.500.png, id=49, 421.575pt x 316.0608pt>
File: links_sigma_0.500.png Graphic file (type png)
<use links_sigma_0.500.png>
Package pdftex.def Info: links_sigma_0.500.png  used on input line 180.
(pdftex.def)             Requested size: 211.38832pt x 158.48334pt.


[3

 <./k_means_clustering_text.mat.png (PNG copy)> <./k_means_clustering_concentric.mat.png (PNG copy)> <./k_means_clustering_links.mat.png (PNG copy)> <./k_means_clustering_rectangles.mat.png (PNG copy)>]
<concentric_sigma_0.025.png, id=54, 421.575pt x 316.0608pt>
File: concentric_sigma_0.025.png Graphic file (type png)
<use concentric_sigma_0.025.png>
Package pdftex.def Info: concentric_sigma_0.025.png  used on input line 192.
(pdftex.def)             Requested size: 211.38832pt x 158.48334pt.
<concentric_sigma_0.050.png, id=55, 421.575pt x 316.0608pt>
File: concentric_sigma_0.050.png Graphic file (type png)
<use concentric_sigma_0.050.png>
Package pdftex.def Info: concentric_sigma_0.050.png  used on input line 196.
(pdftex.def)             Requested size: 211.38832pt x 158.48334pt.
<concentric_sigma_0.200.png, id=56, 421.575pt x 316.0608pt>
File: concentric_sigma_0.200.png Graphic file (type png)
<use concentric_sigma_0.200.png>
Package pdftex.def Info: concentric_sigma_0.200.png  used on input line 200.
(pdftex.def)             Requested size: 211.38832pt x 158.48334pt.
<concentric_sigma_0.500.png, id=57, 421.575pt x 316.0608pt>
File: concentric_sigma_0.500.png Graphic file (type png)
<use concentric_sigma_0.500.png>
Package pdftex.def Info: concentric_sigma_0.500.png  used on input line 204.
(pdftex.def)             Requested size: 211.38832pt x 158.48334pt.

Underfull \hbox (badness 10000) in paragraph at lines 211--216

 []

<text_sigma_0.025.png, id=58, 421.575pt x 316.0608pt>
File: text_sigma_0.025.png Graphic file (type png)
<use text_sigma_0.025.png>
Package pdftex.def Info: text_sigma_0.025.png  used on input line 220.
(pdftex.def)             Requested size: 211.38832pt x 158.48334pt.
<text_sigma_0.050.png, id=59, 421.575pt x 316.0608pt>
File: text_sigma_0.050.png Graphic file (type png)
<use text_sigma_0.050.png>
Package pdftex.def Info: text_sigma_0.050.png  used on input line 224.
(pdftex.def)             Requested size: 211.38832pt x 158.48334pt.
<text_sigma_0.200.png, id=60, 421.575pt x 316.0608pt>
File: text_sigma_0.200.png Graphic file (type png)
<use text_sigma_0.200.png>
Package pdftex.def Info: text_sigma_0.200.png  used on input line 228.
(pdftex.def)             Requested size: 211.38832pt x 158.48334pt.
<text_sigma_0.500.png, id=61, 421.575pt x 316.0608pt>
File: text_sigma_0.500.png Graphic file (type png)
<use text_sigma_0.500.png>
Package pdftex.def Info: text_sigma_0.500.png  used on input line 232.
(pdftex.def)             Requested size: 211.38832pt x 158.48334pt.


[4 <./rectangles_sigma_0.025.png (PNG copy)> <./rectangles_sigma_0.050.png (PNG copy)> <./rectangles_sigma_0.200.png (PNG copy)> <./rectangles_sigma_0.500.png (PNG copy)>]

[5 <./links_sigma_0.025.png (PNG copy)> <./links_sigma_0.050.png (PNG copy)> <./links_sigma_0.200.png (PNG copy)> <./links_sigma_0.500.png (PNG copy)>]

[6 <./concentric_sigma_0.025.png (PNG copy)> <./concentric_sigma_0.050.png (PNG copy)> <./concentric_sigma_0.200.png (PNG copy)> <./concentric_sigma_0.500.png (PNG copy)>]

[7 <./text_sigma_0.025.png (PNG copy)> <./text_sigma_0.050.png (PNG copy)> <./text_sigma_0.200.png (PNG copy)> <./text_sigma_0.500.png (PNG copy)>]
Underfull \hbox (badness 10000) in paragraph at lines 240--241

 []

<first_10_eigenvalues_rectangles.mat.png, id=75, 421.575pt x 316.0608pt>
File: first_10_eigenvalues_rectangles.mat.png Graphic file (type png)
<use first_10_eigenvalues_rectangles.mat.png>
Package pdftex.def Info: first_10_eigenvalues_rectangles.mat.png  used on input line 254.
(pdftex.def)             Requested size: 211.38832pt x 158.48334pt.
<first_10_eigenvalues_text.mat.png, id=76, 421.575pt x 316.0608pt>
File: first_10_eigenvalues_text.mat.png Graphic file (type png)
<use first_10_eigenvalues_text.mat.png>
Package pdftex.def Info: first_10_eigenvalues_text.mat.png  used on input line 258.
(pdftex.def)             Requested size: 211.38832pt x 158.48334pt.

Underfull \hbox (badness 10000) in paragraph at lines 265--266

 []



[8

 <./first_10_eigenvalues_rectangles.mat.png (PNG copy)> <./first_10_eigenvalues_text.mat.png (PNG copy)>]

[9] (C:\Users\Matthew\AppData\Local\Programs\MiKTeX\tex/latex/listings\lstlang1.sty
File: lstlang1.sty 2024/05/25 1.10b listings language file
)
LaTeX Font Info:    Trying to load font information for OMS+cmr on input line 297.
 (C:\Users\Matthew\AppData\Local\Programs\MiKTeX\tex/latex/base\omscmr.fd
File: omscmr.fd 2023/04/13 v2.5m Standard LaTeX font definitions
)
LaTeX Font Info:    Font shape `OMS/cmr/m/n' in size <10.95> not available
(Font)              Font shape `OMS/cmsy/m/n' tried instead on input line 297.

Overfull \hbox (36.14024pt too wide) in paragraph at lines 297--298
[][][][][][][][][][][][][][][][][][][][][][][][][][][][][][][][][][][] 
 []


Overfull \hbox (29.57018pt too wide) in paragraph at lines 298--300
[][][][][][][][][][][][][][][][][][][][][][][][][][][][][][][][][][][][][][][][][][] 
 []


Overfull \hbox (68.99059pt too wide) in paragraph at lines 306--307
[][][][][][][][][][][][][][][][][][][][][][][][][][][][][][][] 
 []


Overfull \hbox (42.71031pt too wide) in paragraph at lines 319--320
[][][][][][][][][][][][][][][][][][][][][][][][][][][][][][][][][][][][] 
 []


Overfull \hbox (36.14024pt too wide) in paragraph at lines 332--333
[][][][][][][][][][][][][][][][][][][][][][][][][][][][][][][][][][][] 
 []



[10

]
Overfull \hbox (68.99059pt too wide) in paragraph at lines 343--344
[][][][][][][][][][][][][][][][][][][][][][][][][][][][][][][] 
 []


Overfull \hbox (134.69127pt too wide) in paragraph at lines 357--359
[][][][][][][][][][][][][][][][][][][][][][][][][][][][][][][][][][][] 
 []


Overfull \hbox (36.14024pt too wide) in paragraph at lines 359--360
[][][][][][][][][][][][][][][][][][][][][][][][][][] 
 []


Overfull \hbox (3.2899pt too wide) in paragraph at lines 369--370
[][][][][][][][][][][][][][][][][][][][][][][][][][][][][][][][][][][][][] 
 []



[11]
Overfull \hbox (42.71031pt too wide) in paragraph at lines 399--400
[][][][][][][][][][][][][][][][][][][][][][][][][][][][][][][] 
 []


Overfull \hbox (3.2899pt too wide) in paragraph at lines 419--420
[][][][][][][][][][][][][][][][][][][][][][][][][][][][][][][][] 
 []



[12] (HW6.aux)
 ***********
LaTeX2e <2024-06-01> patch level 2
L3 programming layer <2024-08-30>
 ***********


LaTeX Warning: There were multiply-defined labels.

 ) 
Here is how much of TeX's memory you used:
 8051 strings out of 473899
 124884 string characters out of 5725556
 720896 words of memory out of 5000000
 30830 multiletter control sequences out of 15000+600000
 576502 words of font info for 104 fonts, out of 8000000 for 9000
 1141 hyphenation exceptions out of 8191
 57i,9n,65p,560b,1847s stack positions out of 10000i,1000n,20000p,200000b,200000s
 <C:\Users\Matthew\AppData\Local\MiKTeX\fonts/pk/ljfour/jknappen/ec/dpi600\tcrm1095.pk><C:/Users/Matthew/AppData/Local/Programs/MiKTeX/fonts/type1/public/amsfonts/cm/cmbx10.pfb><C:/Users/Matthew/AppData/Local/Programs/MiKTeX/fonts/type1/public/amsfonts/cm/cmbx12.pfb><C:/Users/Matthew/AppData/Local/Programs/MiKTeX/fonts/type1/public/amsfonts/cm/cmex10.pfb><C:/Users/Matthew/AppData/Local/Programs/MiKTeX/fonts/type1/public/amsfonts/cm/cmmi10.pfb><C:/Users/Matthew/AppData/Local/Programs/MiKTeX/fonts/type1/public/amsfonts/cm/cmmi6.pfb><C:/Users/Matthew/AppData/Local/Programs/MiKTeX/fonts/type1/public/amsfonts/cm/cmmi8.pfb><C:/Users/Matthew/AppData/Local/Programs/MiKTeX/fonts/type1/public/amsfonts/cm/cmr10.pfb><C:/Users/Matthew/AppData/Local/Programs/MiKTeX/fonts/type1/public/amsfonts/cm/cmr12.pfb><C:/Users/Matthew/AppData/Local/Programs/MiKTeX/fonts/type1/public/amsfonts/cm/cmr6.pfb><C:/Users/Matthew/AppData/Local/Programs/MiKTeX/fonts/type1/public/amsfonts/cm/cmr8.pfb><C:/Users/Matthew/AppData/Local/Programs/MiKTeX/fonts/type1/public/amsfonts/cm/cmsy10.pfb><C:/Users/Matthew/AppData/Local/Programs/MiKTeX/fonts/type1/public/amsfonts/cm/cmsy8.pfb><C:/Users/Matthew/AppData/Local/Programs/MiKTeX/fonts/type1/public/amsfonts/cm/cmti10.pfb><C:/Users/Matthew/AppData/Local/Programs/MiKTeX/fonts/type1/public/amsfonts/cm/cmtt10.pfb>
Output written on HW6.pdf (12 pages, 1178974 bytes).
PDF statistics:
 157 PDF objects out of 1000 (max. 8388607)
 0 named destinations out of 1000 (max. 500000)
 116 words of extra memory for PDF output out of 10000 (max. 10000000)

